<?xml version="1.0" encoding="UTF-8"?>
<Site BuildName="Win32-MSBuild"
	BuildStamp="20231227-2258-Experimental"
	Name="DESKTOP-IF4V9N4"
	Generator="ctest-3.20.21032501-MSVC_2"
	CompilerName="C:/Program Files (x86)/Microsoft Visual Studio/2019/Community/VC/Tools/MSVC/14.29.30133/bin/Hostx64/x64/cl.exe"
	CompilerVersion="19.29.30148.0"
	OSName="Windows"
	Hostname="DESKTOP-IF4V9N4"
	OSRelease=" Professional"
	OSVersion=" (Build 19045)"
	OSPlatform="AMD64"
	Is64Bits="1"
	VendorString="AuthenticAMD"
	VendorID="Advanced Micro Devices"
	FamilyID="15"
	ModelID="2"
	ProcessorCacheSize="80"
	NumberOfLogicalCPU="6"
	NumberOfPhysicalCPU="3"
	TotalVirtualMemory="11984"
	TotalPhysicalMemory="7918"
	LogicalProcessorsPerPhysical="2"
	ProcessorClockFrequency="3515"
	>
	<Testing>
		<StartDateTime>Dec 27 19:58 Hora oficial do Brasil</StartDateTime>
		<StartTestTime>1703717887</StartTestTime>
		<TestList/>
		<EndDateTime>Dec 27 19:58 Hora oficial do Brasil</EndDateTime>
		<EndTestTime>1703717887</EndTestTime>
		<ElapsedMinutes>0</ElapsedMinutes>
	</Testing>
</Site>
